-------------------------------------------------------------------------------
Test set: TestSuite
-------------------------------------------------------------------------------
Tests run: 3, Failures: 1, Errors: 0, Skipped: 0, Time elapsed: 189.287 s <<< FAILURE! - in TestSuite
com.automationpractice.FailedSearchFunctionTest.searchFunction2  Time elapsed: 10.797 s  <<< FAILURE!
org.openqa.selenium.NoSuchElementException: 
no such element: Unable to locate element: {"method":"xpath","selector":"//span[contains(text(), '1 result has been found.')]"}
  (Session info: MicrosoftEdge=93.0.961.38)
For documentation on this error, please visit: https://www.seleniumhq.org/exceptions/no_such_element.html
Build info: version: '4.0.0-alpha-2', revision: 'f148142cf8', time: '2019-07-01T20:55:26'
System info: host: 'DESKTOP-RV0BJHM', ip: '192.168.1.102', os.name: 'Windows 10', os.arch: 'amd64', os.version: '10.0', java.version: '16.0.1'
Driver info: org.openqa.selenium.edge.EdgeDriver
Capabilities {acceptInsecureCerts: false, browserName: msedge, browserVersion: 93.0.961.38, javascriptEnabled: true, ms:edgeOptions: {debuggerAddress: localhost:53305}, msedge: {msedgedriverVersion: 92.0.902.62 (e0b431c3580439..., userDataDir: C:\Users\user\AppData\Local...}, networkConnectionEnabled: false, pageLoadStrategy: normal, platform: WINDOWS, platformName: WINDOWS, proxy: Proxy(), setWindowRect: true, strictFileInteractability: false, timeouts: {implicit: 0, pageLoad: 300000, script: 30000}, unhandledPromptBehavior: dismiss and notify, webauthn:extension:credBlob: true, webauthn:extension:largeBlob: true, webauthn:virtualAuthenticators: true}
Session ID: 89cb78de58ee37579d593f7126c9d950
*** Element info: {Using=xpath, value=//span[contains(text(), '1 result has been found.')]}
	at com.automationpractice.FailedSearchFunctionTest.searchFunction2(FailedSearchFunctionTest.java:20)

